<?xml version="1.0" encoding="UTF-8"?>
<testsuites>
  <testsuite name="fastlane.lanes">
    
    
    
      
      <testcase classname="fastlane.lanes" name="0: default_platform" time="0.00542">
        
      </testcase>
    
      
      <testcase classname="fastlane.lanes" name="1: gradle" time="19.499138">
        
          <failure message="C:/Ruby25-x64/lib/ruby/gems/2.5.0/gems/fastlane-2.116.1/fastlane/lib/fastlane/actions/actions_helper.rb:48:in `execute_action'&#10;C:/Ruby25-x64/lib/ruby/gems/2.5.0/gems/fastlane-2.116.1/fastlane/lib/fastlane/runner.rb:232:in `block in execute_action'&#10;C:/Ruby25-x64/lib/ruby/gems/2.5.0/gems/fastlane-2.116.1/fastlane/lib/fastlane/runner.rb:227:in `chdir'&#10;C:/Ruby25-x64/lib/ruby/gems/2.5.0/gems/fastlane-2.116.1/fastlane/lib/fastlane/runner.rb:227:in `execute_action'&#10;C:/Ruby25-x64/lib/ruby/gems/2.5.0/gems/fastlane-2.116.1/fastlane/lib/fastlane/runner.rb:157:in `trigger_action_by_name'&#10;C:/Ruby25-x64/lib/ruby/gems/2.5.0/gems/fastlane-2.116.1/fastlane/lib/fastlane/fast_file.rb:154:in `method_missing'&#10;Fastfile:21:in `block (2 levels) in parsing_binding'&#10;C:/Ruby25-x64/lib/ruby/gems/2.5.0/gems/fastlane-2.116.1/fastlane/lib/fastlane/lane.rb:33:in `call'&#10;C:/Ruby25-x64/lib/ruby/gems/2.5.0/gems/fastlane-2.116.1/fastlane/lib/fastlane/runner.rb:49:in `block in execute'&#10;C:/Ruby25-x64/lib/ruby/gems/2.5.0/gems/fastlane-2.116.1/fastlane/lib/fastlane/runner.rb:45:in `chdir'&#10;C:/Ruby25-x64/lib/ruby/gems/2.5.0/gems/fastlane-2.116.1/fastlane/lib/fastlane/runner.rb:45:in `execute'&#10;C:/Ruby25-x64/lib/ruby/gems/2.5.0/gems/fastlane-2.116.1/fastlane/lib/fastlane/lane_manager.rb:56:in `cruise_lane'&#10;C:/Ruby25-x64/lib/ruby/gems/2.5.0/gems/fastlane-2.116.1/fastlane/lib/fastlane/command_line_handler.rb:36:in `handle'&#10;C:/Ruby25-x64/lib/ruby/gems/2.5.0/gems/fastlane-2.116.1/fastlane/lib/fastlane/commands_generator.rb:108:in `block (2 levels) in run'&#10;C:/Ruby25-x64/lib/ruby/gems/2.5.0/gems/commander-fastlane-4.4.6/lib/commander/command.rb:178:in `call'&#10;C:/Ruby25-x64/lib/ruby/gems/2.5.0/gems/commander-fastlane-4.4.6/lib/commander/command.rb:153:in `run'&#10;C:/Ruby25-x64/lib/ruby/gems/2.5.0/gems/commander-fastlane-4.4.6/lib/commander/runner.rb:476:in `run_active_command'&#10;C:/Ruby25-x64/lib/ruby/gems/2.5.0/gems/fastlane-2.116.1/fastlane_core/lib/fastlane_core/ui/fastlane_runner.rb:76:in `run!'&#10;C:/Ruby25-x64/lib/ruby/gems/2.5.0/gems/commander-fastlane-4.4.6/lib/commander/delegates.rb:15:in `run!'&#10;C:/Ruby25-x64/lib/ruby/gems/2.5.0/gems/fastlane-2.116.1/fastlane/lib/fastlane/commands_generator.rb:333:in `run'&#10;C:/Ruby25-x64/lib/ruby/gems/2.5.0/gems/fastlane-2.116.1/fastlane/lib/fastlane/commands_generator.rb:41:in `start'&#10;C:/Ruby25-x64/lib/ruby/gems/2.5.0/gems/fastlane-2.116.1/fastlane/lib/fastlane/cli_tools_distributor.rb:119:in `take_off'&#10;C:/Ruby25-x64/lib/ruby/gems/2.5.0/gems/fastlane-2.116.1/bin/fastlane:23:in `&lt;top (required)&gt;'&#10;C:/Ruby25-x64/bin/fastlane:23:in `load'&#10;C:/Ruby25-x64/bin/fastlane:23:in `&lt;main&gt;'&#10;&#10;Exit status of command '&quot;D:/Ammar/Attendance Admin/attendance_admin/android/gradlew&quot; test -p .' was 1 instead of 0.&#10;Starting a Gradle Daemon, 1 incompatible Daemon could not be reused, use --status for details&#10;google-services plugin could not detect any version for com.google.android.gms or com.google.firebase, default version: 11.4.2 will be used.&#10;please apply google-services plugin at the bottom of the build file.&#10;Could not find google-services.json while looking in [src/nullnull/debug, src/debug/nullnull, src/nullnull, src/debug, src/nullnullDebug]&#10;registerResGeneratingTask is deprecated, use registerGeneratedResFolders(FileCollection)&#10;Could not find google-services.json while looking in [src/nullnull/dynamicProfile, src/dynamicProfile/nullnull, src/nullnull, src/dynamicProfile, src/nullnullDynamicProfile]&#10;registerResGeneratingTask is deprecated, use registerGeneratedResFolders(FileCollection)&#10;Could not find google-services.json while looking in [src/nullnull/release, src/release/nullnull, src/nullnull, src/release, src/nullnullRelease]&#10;registerResGeneratingTask is deprecated, use registerGeneratedResFolders(FileCollection)&#10;Could not find google-services.json while looking in [src/nullnull/profile, src/profile/nullnull, src/nullnull, src/profile, src/nullnullProfile]&#10;registerResGeneratingTask is deprecated, use registerGeneratedResFolders(FileCollection)&#10;Could not find google-services.json while looking in [src/nullnull/dynamicRelease, src/dynamicRelease/nullnull, src/nullnull, src/dynamicRelease, src/nullnullDynamicRelease]&#10;registerResGeneratingTask is deprecated, use registerGeneratedResFolders(FileCollection)&#10;&#10;FAILURE: Build failed with an exception.&#10;&#10;* What went wrong:&#10;Could not determine the dependencies of task ':app:testDynamicProfileUnitTest'.&#10;&gt; Could not resolve all task dependencies for configuration ':app:dynamicProfileUnitTestRuntimeClasspath'.&#10;   &gt; Could not resolve project :google_places_picker.&#10;     Required by:&#10;         project :app&#10;      &gt; Could not select value from candidates [null, debug, release] using AlternateDisambiguationRule.BuildTypeRule.&#10;         &gt; java.lang.NullPointerException (no error message)&#10;&#10;* Try:&#10;Run with --stacktrace option to get the stack trace. Run with --info or --debug option to get more log output. Run with --scan to get full insights.&#10;&#10;* Get more help at https://help.gradle.org&#10;&#10;BUILD FAILED in 17s&#10;" />
        
      </testcase>
    
  </testsuite>
</testsuites>
